[debug] [2021-06-07T08:27:31.471Z] ----------------------------------------------------------------------
[debug] [2021-06-07T08:27:31.473Z] Command:       C:\Program Files\nodejs\node.exe C:\Users\dev-0831\AppData\Roaming\npm\node_modules\firebase-tools\lib\bin\firebase.js init
[debug] [2021-06-07T08:27:31.474Z] CLI Version:   9.12.1
[debug] [2021-06-07T08:27:31.474Z] Platform:      win32
[debug] [2021-06-07T08:27:31.474Z] Node Version:  v12.16.3
[debug] [2021-06-07T08:27:31.475Z] Time:          Mon Jun 07 2021 11:27:31 GMT+0300 (Eastern European Summer Time)
[debug] [2021-06-07T08:27:31.475Z] ----------------------------------------------------------------------
[debug] 
[debug] [2021-06-07T08:27:31.482Z] > command requires scopes: ["email","openid","https://www.googleapis.com/auth/cloudplatformprojects.readonly","https://www.googleapis.com/auth/firebase","https://www.googleapis.com/auth/cloud-platform"]
[debug] [2021-06-07T08:27:31.482Z] > authorizing via signed-in user (nethunter1121@gmail.com)
[info] 
     ######## #### ########  ######## ########     ###     ######  ########
     ##        ##  ##     ## ##       ##     ##  ##   ##  ##       ##
     ######    ##  ########  ######   ########  #########  ######  ######
     ##        ##  ##    ##  ##       ##     ## ##     ##       ## ##
     ##       #### ##     ## ######## ########  ##     ##  ######  ########

You're about to initialize a Firebase project in this directory:

  E:\02-react\own_portfolio

[info] 
=== Project Setup
[info] 
[info] First, let's associate this project directory with a Firebase project.
[info] You can create multiple project aliases by running firebase use --add, 
[info] but for now we'll just set up a default project.
[info] 
[debug] [2021-06-07T08:27:40.931Z] > refreshing access token with scopes: []
[debug] [2021-06-07T08:27:40.932Z] >>> HTTP REQUEST POST https://www.googleapis.com/oauth2/v3/token  
 <request body omitted>
[debug] [2021-06-07T08:27:40.951Z] Authentication Error: Your credentials are no longer valid. Please run firebase login --reauth

For CI servers and headless environments, generate a new token with firebase login:ci
[debug] [2021-06-07T08:27:40.955Z] FirebaseError: Authentication Error: Your credentials are no longer valid. Please run firebase login --reauth

For CI servers and headless environments, generate a new token with firebase login:ci
    at invalidCredentialError (C:\Users\dev-0831\AppData\Roaming\npm\node_modules\firebase-tools\lib\auth.js:141:12)
    at refreshTokens (C:\Users\dev-0831\AppData\Roaming\npm\node_modules\firebase-tools\lib\auth.js:448:15)
    at processTicksAndRejections (internal/process/task_queues.js:97:5)
[error] 
[error] Error: Failed to list Firebase projects. See firebase-debug.log for more info.
